<?xml version="1.0" encoding="UTF-8"?>
<!-- Generated by org.testng.reporters.JUnitReportReporter -->
<testsuite hostname="LAPTOP-MB7DGVQG" failures="0" tests="1" name="search.SearchTest" time="6.348" errors="0" timestamp="2024-08-18T18:24:22 IST" skipped="0">
  <testcase classname="search.SearchTest" name="f" time="6.348"/>
</testsuite> <!-- search.SearchTest -->
